Starting application...
Initializing components...
FAIL: Configuration file not found
Loading configuration...
Starting database connection...
Processing user data...
ERROR: Database connection timeout
404: User profile not found
Checking system status...
Verifying network connection...
FAIL: System check failed
ERROR: Network unreachable
Accessing resource...
404: Resource not available
FAIL: Diagnostic test failed
Running diagnostics...
Checking permissions...
ERROR: Permission denied
Accessing file...
404: File not found
System check complete...
FAIL: System validation failed
Network test...
ERROR: Connection refused
Resource check...
404: API endpoint not found
Database operations...
FAIL: Query execution failed
Security check...
ERROR: Authentication failed
File operations...
404: Directory not found
System update...
FAIL: Update failed
Network configuration...
ERROR: Invalid network settings
Resource allocation...
404: Memory allocation failed
Database maintenance...
FAIL: Backup failed
Security scan...
ERROR: Security breach detected
File system check...
404: Disk space not found
System cleanup...
FAIL: Cleanup failed
Network maintenance...
ERROR: Network maintenance failed
Resource cleanup...
404: Resource cleanup failed
Database cleanup...
FAIL: Database cleanup failed
Security cleanup...
ERROR: Security cleanup failed
File cleanup...
404: File cleanup failed 