System initialization started
FAIL: Initialization failed
Component loading in progress
ERROR: Component load failed
Resource allocation started
404: Resource allocation failed
Database connection attempt
FAIL: Database connection failed
Network configuration started
ERROR: Network configuration failed
File system check initiated
404: File system check failed
User authentication started
FAIL: Authentication failed
Service startup in progress
ERROR: Service startup failed
Memory allocation attempt
404: Memory allocation failed
System check started
FAIL: System check failed
Network test in progress
ERROR: Network test failed
Resource verification started
404: Resource verification failed
Database maintenance started
FAIL: Database maintenance failed
Security scan in progress
ERROR: Security scan failed
File operations started
404: File operations failed
System update initiated
FAIL: System update failed
Network maintenance started
ERROR: Network maintenance failed
Resource cleanup in progress
404: Resource cleanup failed
Database cleanup started
FAIL: Database cleanup failed
Security cleanup in progress
ERROR: Security cleanup failed
File cleanup started
404: File cleanup failed
System shutdown initiated
FAIL: Shutdown failed
Network shutdown started
ERROR: Network shutdown failed
Resource release in progress
404: Resource release failed
Database shutdown started
FAIL: Database shutdown failed
Security shutdown in progress
ERROR: Security shutdown failed
File system unmount started
404: File system unmount failed 