System startup successful
Component initialization complete
Configuration loaded successfully
Database connection established
User authentication successful
Resource allocation complete
System check passed
Network connection verified
File system mounted
Memory allocation successful
FAIL: Critical system error
ERROR: Database corruption
404: System files missing
FAIL: Network failure
ERROR: Service unavailable
404: Configuration error
FAIL: Memory overflow
ERROR: Process terminated
404: Resource unavailable
FAIL: System crash
ERROR: Kernel panic
404: Boot failure
System recovery initiated
Backup process started
Cleanup routine running
Memory defragmentation
Network optimization
File system check
Database maintenance
Security scan
Resource management
System shutdown 